\BOOKMARK [1][-]{section.1}{\376\377\136\070\165\050\116\011\211\322\121\375\145\160\121\154\137\017}{}% 1
\BOOKMARK [2][-]{subsection.1.1}{\376\377\171\357\123\026\124\214\135\356\121\154\137\017}{section.1}% 2
\BOOKMARK [2][-]{subsection.1.2}{\376\377\124\214\135\356\123\026\171\357\121\154\137\017}{section.1}% 3
\BOOKMARK [2][-]{subsection.1.3}{\376\377\137\122\116\000\123\026\121\154\137\017}{section.1}% 4
\BOOKMARK [2][-]{subsection.1.4}{\376\377\120\015\000\050\123\112\000\051\211\322\121\154\137\017\000\040\000\040\226\115\000\050\123\107\000\051\136\102\121\154\137\017}{section.1}% 5
\BOOKMARK [2][-]{subsection.1.5}{\376\377\116\007\200\375\121\154\137\017}{section.1}% 6
\BOOKMARK [1][-]{section.2}{\376\377\136\070\165\050\166\204\117\151\116\232\213\372\127\213\117\131\230\171\154\360\122\322\121\154\137\017}{}% 7
\BOOKMARK [1][-]{section.3}{\376\377\127\372\147\054\154\102\133\374\121\154\137\017}{}% 8
\BOOKMARK [1][-]{section.4}{\376\377\121\375\145\160\126\376\137\142\143\317\217\360\116\055\155\211\123\312\122\060\166\204\221\315\211\201\121\154\137\017}{}% 9
\BOOKMARK [2][-]{subsection.4.1}{\376\377\136\070\165\050\146\362\163\207\213\241\173\227\121\154\137\017}{section.4}% 10
\BOOKMARK [2][-]{subsection.4.2}{\376\377\146\362\176\277\166\204\156\020\217\321\176\277}{section.4}% 11
\BOOKMARK [1][-]{section.5}{\376\377\127\372\147\054\171\357\122\006\121\154\137\017}{}% 12
\BOOKMARK [1][-]{section.6}{\376\377\127\372\147\054\171\357\122\006\145\271\154\325}{}% 13
\BOOKMARK [2][-]{subsection.6.1}{\376\377\173\054\116\000\174\173\143\142\121\103\154\325}{section.6}% 14
\BOOKMARK [3][-]{subsubsection.6.1.1}{\376\377\116\011\211\322\121\375\145\160\116\113\171\357\166\204\171\357\122\006}{subsection.6.1}% 15
\BOOKMARK [3][-]{subsubsection.6.1.2}{\376\377\136\070\211\301\166\204\121\321\137\256\122\006\174\173\127\213}{subsection.6.1}% 16
\BOOKMARK [2][-]{subsection.6.2}{\376\377\147\011\164\006\121\375\145\160\166\204\171\357\122\006}{section.6}% 17
\BOOKMARK [3][-]{subsubsection.6.2.1}{\376\377\220\350\122\006\122\006\137\017}{subsection.6.2}% 18
\BOOKMARK [3][-]{subsubsection.6.2.2}{\376\377\116\011\211\322\121\375\145\160\166\204\162\171\153\212\133\232\171\357\122\006}{subsection.6.2}% 19
\BOOKMARK [1][-]{section.7}{\376\377\131\032\121\103\121\375\145\160\137\256\122\006}{}% 20
\BOOKMARK [2][-]{subsection.7.1}{\376\377\120\117\133\374\145\160}{section.7}% 21
\BOOKMARK [3][-]{subsubsection.7.1.1}{\376\377\120\117\133\374\145\160\213\260\154\325}{subsection.7.1}% 22
\BOOKMARK [2][-]{subsection.7.2}{\376\377\121\150\137\256\122\006}{section.7}% 23
\BOOKMARK [1][-]{section.8}{\376\377\137\256\122\006\145\271\172\013\000\050\213\345\220\350\122\006\134\006\117\032\221\307\165\050\213\346\176\306\166\204\213\262\116\111\150\067\137\017\000\051}{}% 24
\BOOKMARK [2][-]{subsection.8.1}{\376\377\137\256\122\006\145\271\172\013\166\204\127\372\147\054\151\202\137\365}{section.8}% 25
\BOOKMARK [1][-]{section.9}{\376\377\123\357\122\006\171\273\123\330\221\317\166\204\137\256\122\006\145\271\172\013}{}% 26
